1651813011.354388 client started (2996120): version 3.1c, socket /tmp/tmux-1000/default, protocol 8
1651813011.354467 on Linux 5.13.0-41-generic #46-Ubuntu SMP Thu Apr 14 20:06:04 UTC 2022; libevent 2.1.12-stable (poll)
1651813011.354513 socket is /tmp/tmux-1000/default
1651813011.354536 trying connect
1651813011.354683 add peer 0x562292b0e8f0: 6 ((nil))
1651813011.354858 sending message 100 to peer 0x562292b0e8f0 (4 bytes)
1651813011.354875 sending message 101 to peer 0x562292b0e8f0 (14 bytes)
1651813011.354885 sending message 102 to peer 0x562292b0e8f0 (12 bytes)
1651813011.354895 sending message 108 to peer 0x562292b0e8f0 (32 bytes)
1651813011.354907 sending message 104 to peer 0x562292b0e8f0 (0 bytes)
1651813011.354919 sending message 107 to peer 0x562292b0e8f0 (4 bytes)
1651813011.354928 sending message 105 to peer 0x562292b0e8f0 (38 bytes)
1651813011.354938 sending message 105 to peer 0x562292b0e8f0 (66 bytes)
1651813011.354948 sending message 105 to peer 0x562292b0e8f0 (19 bytes)
1651813011.354957 sending message 105 to peer 0x562292b0e8f0 (20 bytes)
1651813011.354967 sending message 105 to peer 0x562292b0e8f0 (54 bytes)
1651813011.354976 sending message 105 to peer 0x562292b0e8f0 (51 bytes)
1651813011.354986 sending message 105 to peer 0x562292b0e8f0 (69 bytes)
1651813011.354996 sending message 105 to peer 0x562292b0e8f0 (23 bytes)
1651813011.355005 sending message 105 to peer 0x562292b0e8f0 (11 bytes)
1651813011.355015 sending message 105 to peer 0x562292b0e8f0 (57 bytes)
1651813011.355024 sending message 105 to peer 0x562292b0e8f0 (18 bytes)
1651813011.355033 sending message 105 to peer 0x562292b0e8f0 (44 bytes)
1651813011.355042 sending message 105 to peer 0x562292b0e8f0 (32 bytes)
1651813011.355051 sending message 105 to peer 0x562292b0e8f0 (86 bytes)
1651813011.355060 sending message 105 to peer 0x562292b0e8f0 (29 bytes)
1651813011.355095 sending message 105 to peer 0x562292b0e8f0 (52 bytes)
1651813011.355106 sending message 105 to peer 0x562292b0e8f0 (28 bytes)
1651813011.355116 sending message 105 to peer 0x562292b0e8f0 (18 bytes)
1651813011.355126 sending message 105 to peer 0x562292b0e8f0 (18 bytes)
1651813011.355135 sending message 105 to peer 0x562292b0e8f0 (17 bytes)
1651813011.355145 sending message 105 to peer 0x562292b0e8f0 (23 bytes)
1651813011.355154 sending message 105 to peer 0x562292b0e8f0 (30 bytes)
1651813011.355164 sending message 105 to peer 0x562292b0e8f0 (27 bytes)
1651813011.355174 sending message 105 to peer 0x562292b0e8f0 (24 bytes)
1651813011.355184 sending message 105 to peer 0x562292b0e8f0 (20 bytes)
1651813011.355193 sending message 105 to peer 0x562292b0e8f0 (23 bytes)
1651813011.355203 sending message 105 to peer 0x562292b0e8f0 (21 bytes)
1651813011.355213 sending message 105 to peer 0x562292b0e8f0 (25 bytes)
1651813011.355222 sending message 105 to peer 0x562292b0e8f0 (20 bytes)
1651813011.355232 sending message 105 to peer 0x562292b0e8f0 (8 bytes)
1651813011.355241 sending message 105 to peer 0x562292b0e8f0 (15 bytes)
1651813011.355251 sending message 105 to peer 0x562292b0e8f0 (32 bytes)
1651813011.355261 sending message 105 to peer 0x562292b0e8f0 (1519 bytes)
1651813011.355274 sending message 105 to peer 0x562292b0e8f0 (54 bytes)
1651813011.355284 sending message 105 to peer 0x562292b0e8f0 (52 bytes)
1651813011.355293 sending message 105 to peer 0x562292b0e8f0 (16 bytes)
1651813011.355303 sending message 105 to peer 0x562292b0e8f0 (26 bytes)
1651813011.355312 sending message 105 to peer 0x562292b0e8f0 (61 bytes)
1651813011.355322 sending message 105 to peer 0x562292b0e8f0 (39 bytes)
1651813011.355333 sending message 105 to peer 0x562292b0e8f0 (10 bytes)
1651813011.355342 sending message 105 to peer 0x562292b0e8f0 (12 bytes)
1651813011.355351 sending message 105 to peer 0x562292b0e8f0 (11 bytes)
1651813011.355361 sending message 105 to peer 0x562292b0e8f0 (13 bytes)
1651813011.355371 sending message 105 to peer 0x562292b0e8f0 (629 bytes)
1651813011.355381 sending message 105 to peer 0x562292b0e8f0 (36 bytes)
1651813011.355390 sending message 105 to peer 0x562292b0e8f0 (19 bytes)
1651813011.355413 sending message 105 to peer 0x562292b0e8f0 (18 bytes)
1651813011.355423 sending message 105 to peer 0x562292b0e8f0 (74 bytes)
1651813011.355433 sending message 105 to peer 0x562292b0e8f0 (19 bytes)
1651813011.355443 sending message 105 to peer 0x562292b0e8f0 (8 bytes)
1651813011.355453 sending message 105 to peer 0x562292b0e8f0 (33 bytes)
1651813011.355462 sending message 105 to peer 0x562292b0e8f0 (41 bytes)
1651813011.355471 sending message 105 to peer 0x562292b0e8f0 (22 bytes)
1651813011.355481 sending message 105 to peer 0x562292b0e8f0 (19 bytes)
1651813011.355491 sending message 105 to peer 0x562292b0e8f0 (39 bytes)
1651813011.355500 sending message 105 to peer 0x562292b0e8f0 (14 bytes)
1651813011.355510 sending message 105 to peer 0x562292b0e8f0 (12 bytes)
1651813011.355519 sending message 105 to peer 0x562292b0e8f0 (16 bytes)
1651813011.355528 sending message 105 to peer 0x562292b0e8f0 (17 bytes)
1651813011.355537 sending message 105 to peer 0x562292b0e8f0 (13 bytes)
1651813011.355547 sending message 105 to peer 0x562292b0e8f0 (41 bytes)
1651813011.355557 sending message 105 to peer 0x562292b0e8f0 (45 bytes)
1651813011.355566 sending message 105 to peer 0x562292b0e8f0 (33 bytes)
1651813011.355576 sending message 105 to peer 0x562292b0e8f0 (85 bytes)
1651813011.355585 sending message 105 to peer 0x562292b0e8f0 (23 bytes)
1651813011.355594 sending message 105 to peer 0x562292b0e8f0 (31 bytes)
1651813011.355604 sending message 105 to peer 0x562292b0e8f0 (23 bytes)
1651813011.355614 sending message 105 to peer 0x562292b0e8f0 (27 bytes)
1651813011.355623 sending message 105 to peer 0x562292b0e8f0 (21 bytes)
1651813011.355633 sending message 105 to peer 0x562292b0e8f0 (20 bytes)
1651813011.355642 sending message 105 to peer 0x562292b0e8f0 (33 bytes)
1651813011.355651 sending message 105 to peer 0x562292b0e8f0 (28 bytes)
1651813011.355661 sending message 105 to peer 0x562292b0e8f0 (16 bytes)
1651813011.355670 sending message 105 to peer 0x562292b0e8f0 (21 bytes)
1651813011.355679 sending message 106 to peer 0x562292b0e8f0 (0 bytes)
1651813011.355689 sending message 200 to peer 0x562292b0e8f0 (4 bytes)
1651813011.355698 client loop enter
1651813011.356596 peer 0x562292b0e8f0 message 303
1651813011.356621 open write file 2 -
1651813011.356645 sending message 305 to peer 0x562292b0e8f0 (8 bytes)
1651813011.357077 peer 0x562292b0e8f0 message 304
1651813011.357101 write 58 to file 2
1651813011.357116 peer 0x562292b0e8f0 message 203
1651813011.357126 file 2 58 bytes left
1651813011.357166 client loop exit
